<?xml version="1.0" encoding="UTF-8"?>
<!-- Generated by org.testng.reporters.JUnitReportReporter -->
<testsuite hostname="DESKTOP-IH7APV1" failures="0" tests="1" name="com.tutorialsninja_logintest.LoginTest" time="8.307" errors="0" timestamp="2023-09-27T20:55:23 EDT" skipped="0">
  <testcase classname="com.tutorialsninja_logintest.LoginTest" name="verifyLoginWithValidEmailAndInvalidPassword" time="8.307"/>
</testsuite> <!-- com.tutorialsninja_logintest.LoginTest -->
