<?xml version="1.0" encoding="UTF-8"?>
<!-- Generated by org.testng.reporters.JUnitReportReporter -->
<testsuite hostname="DESKTOP-IH7APV1" failures="0" tests="1" name="com.tutorialsninja_logintest.RegisterTest" time="9.383" errors="0" timestamp="2023-09-27T22:20:12 EDT" skipped="0">
  <testcase classname="com.tutorialsninja_logintest.RegisterTest" name="registerAccountExistingEmail" time="9.383"/>
</testsuite> <!-- com.tutorialsninja_logintest.RegisterTest -->
