<?xml version="1.0" encoding="UTF-8"?>
<!-- Generated by org.testng.reporters.JUnitReportReporter -->
<testsuite hostname="DESKTOP-IH7APV1" failures="0" tests="3" name="com.tutorialsninja_logintest.SearchProductTest" time="18.809" errors="0" timestamp="2023-09-28T00:27:28 EDT" skipped="0">
  <testcase classname="com.tutorialsninja_logintest.SearchProductTest" name="verifySearchNoProduct" time="5.903"/>
  <testcase classname="com.tutorialsninja_logintest.SearchProductTest" name="verifySearchWithInvalidProduct" time="5.667"/>
  <testcase classname="com.tutorialsninja_logintest.SearchProductTest" name="verifySearchWithValidProduct" time="7.239"/>
</testsuite> <!-- com.tutorialsninja_logintest.SearchProductTest -->
