<?xml version="1.0" encoding="UTF-8"?>
<!-- Generated by org.testng.reporters.JUnitReportReporter -->
<testsuite hostname="DESKTOP-IH7APV1" failures="0" tests="11" name="com.tutorialsninja_testcases.LoginTest" time="77.328" errors="0" timestamp="2023-10-05T15:33:54 EDT" skipped="0">
  <testcase classname="com.tutorialsninja_testcases.LoginTest" name="verifyLoginWithValidCredentials" time="7.266"/>
  <testcase classname="com.tutorialsninja_testcases.LoginTest" name="verifyLoginWithValidCredentials" time="10.994"/>
  <testcase classname="com.tutorialsninja_testcases.LoginTest" name="verifyLoginWithValidCredentials" time="6.339"/>
  <testcase classname="com.tutorialsninja_testcases.LoginTest" name="verifyLoginWithValidCredentials" time="7.214"/>
  <testcase classname="com.tutorialsninja_testcases.LoginTest" name="verifyLoginWithValidCredentials" time="6.782"/>
  <testcase classname="com.tutorialsninja_testcases.LoginTest" name="verifyLoginWithValidCredentials" time="6.895"/>
  <testcase classname="com.tutorialsninja_testcases.LoginTest" name="verifyLoginWithValidCredentials" time="6.833"/>
  <testcase classname="com.tutorialsninja_testcases.LoginTest" name="verifyLoginWithValidEmailAndInvalidPassword" time="6.133"/>
  <testcase classname="com.tutorialsninja_testcases.LoginTest" name="verifyLoginWithInvalidEmailAndvalidPassword" time="6.184"/>
  <testcase classname="com.tutorialsninja_testcases.LoginTest" name="verifyLoginWithInvalidCredentials" time="6.289"/>
  <testcase classname="com.tutorialsninja_testcases.LoginTest" name="verifyLoginWithNoCredentials" time="6.399"/>
</testsuite> <!-- com.tutorialsninja_testcases.LoginTest -->
