<?xml version="1.0" encoding="UTF-8"?>
<!-- Generated by org.testng.reporters.JUnitReportReporter -->
<testsuite hostname="DESKTOP-IH7APV1" failures="0" tests="1" name="com.tutorialsninja_testbase.Check" time="10.571" errors="0" timestamp="2023-09-30T00:47:03 EDT" skipped="0">
  <testcase classname="com.tutorialsninja_testbase.Check" name="loginTest" time="10.571"/>
</testsuite> <!-- com.tutorialsninja_testbase.Check -->
