<?xml version="1.0" encoding="UTF-8"?>
<!-- Generated by org.testng.reporters.JUnitReportReporter -->
<testsuite hostname="DESKTOP-IH7APV1" failures="0" tests="4" name="com.tutorialsninja_testcases.RegisterTest" time="30.787" errors="0" timestamp="2023-10-05T15:33:54 EDT" skipped="0">
  <testcase classname="com.tutorialsninja_testcases.RegisterTest" name="registerAccountWithMandatoryDetails" time="8.236"/>
  <testcase classname="com.tutorialsninja_testcases.RegisterTest" name="registerAccountWithAllDetails" time="7.973"/>
  <testcase classname="com.tutorialsninja_testcases.RegisterTest" name="registerAccountWithNoDetails" time="7.060"/>
  <testcase classname="com.tutorialsninja_testcases.RegisterTest" name="registerAccountExistingEmail" time="7.518"/>
</testsuite> <!-- com.tutorialsninja_testcases.RegisterTest -->
