<?xml version="1.0" encoding="UTF-8"?>
<!-- Generated by org.testng.reporters.JUnitReportReporter -->
<testsuite hostname="DESKTOP-IH7APV1" failures="0" tests="4" name="com.tutorialsninja_testcases.RegisterTest" time="29.636" errors="0" timestamp="2023-10-05T16:34:31 EDT" skipped="0">
  <testcase classname="com.tutorialsninja_testcases.RegisterTest" name="registerAccountWithMandatoryDetails" time="8.044"/>
  <testcase classname="com.tutorialsninja_testcases.RegisterTest" name="registerAccountWithAllDetails" time="7.642"/>
  <testcase classname="com.tutorialsninja_testcases.RegisterTest" name="registerAccountWithNoDetails" time="6.745"/>
  <testcase classname="com.tutorialsninja_testcases.RegisterTest" name="registerAccountExistingEmail" time="7.205"/>
</testsuite> <!-- com.tutorialsninja_testcases.RegisterTest -->
