<?xml version="1.0" encoding="UTF-8"?>
<!-- Generated by org.testng.reporters.JUnitReportReporter -->
<testsuite hostname="DESKTOP-IH7APV1" failures="0" tests="3" name="com.tutorialsninja_testcases.SearchProductTest" time="17.011" errors="0" timestamp="2023-10-05T16:34:31 EDT" skipped="0">
  <testcase classname="com.tutorialsninja_testcases.SearchProductTest" name="verifySearchWithValidProduct" time="5.563"/>
  <testcase classname="com.tutorialsninja_testcases.SearchProductTest" name="verifySearchNoProduct" time="6.094"/>
  <testcase classname="com.tutorialsninja_testcases.SearchProductTest" name="verifySearchWithInvalidProduct" time="5.354"/>
</testsuite> <!-- com.tutorialsninja_testcases.SearchProductTest -->
